Build started 2014-08-25 02:34:20.
     1>Project "A:\Projekt\Singe\Visual Studio 2013\Singe.vcxproj" on node 2 (Build target(s)).
     1>Lib:
         B:\Program Files\Microsoft Visual Studio Professional 2013\VC\bin\Lib.exe /OUT:"A:\Projekt\Singe\Visual Studio 2013\..\Bin\Win32\Debug\Singe.lib" /NOLOGO "A:\Projekt\Singe\Visual Studio 2013\Intermediate\Singe\Win32\Debug\Frustum.obj"
         "A:\Projekt\Singe\Visual Studio 2013\Intermediate\Singe\Win32\Debug\Vec2.obj"
         "A:\Projekt\Singe\Visual Studio 2013\Intermediate\Singe\Win32\Debug\Vec3.obj"
         "A:\Projekt\Singe\Visual Studio 2013\Intermediate\Singe\Win32\Debug\Vec4.obj"
         "A:\Projekt\Singe\Visual Studio 2013\Intermediate\Singe\Win32\Debug\Camera.obj"
         "A:\Projekt\Singe\Visual Studio 2013\Intermediate\Singe\Win32\Debug\TargetCamera.obj"
         "A:\Projekt\Singe\Visual Studio 2013\Intermediate\Singe\Win32\Debug\Font.obj"
         "A:\Projekt\Singe\Visual Studio 2013\Intermediate\Singe\Win32\Debug\Mesh.obj"
         "A:\Projekt\Singe\Visual Studio 2013\Intermediate\Singe\Win32\Debug\Renderer.obj"
         "A:\Projekt\Singe\Visual Studio 2013\Intermediate\Singe\Win32\Debug\SceneNode.obj"
         "A:\Projekt\Singe\Visual Studio 2013\Intermediate\Singe\Win32\Debug\Shader.obj"
         "A:\Projekt\Singe\Visual Studio 2013\Intermediate\Singe\Win32\Debug\Texture.obj"
         "A:\Projekt\Singe\Visual Studio 2013\Intermediate\Singe\Win32\Debug\TextureRenderTarget.obj"
         "A:\Projekt\Singe\Visual Studio 2013\Intermediate\Singe\Win32\Debug\SingeStd.obj"
         "A:\Projekt\Singe\Visual Studio 2013\Intermediate\Singe\Win32\Debug\Button.obj"
         "A:\Projekt\Singe\Visual Studio 2013\Intermediate\Singe\Win32\Debug\Canvas.obj"
         "A:\Projekt\Singe\Visual Studio 2013\Intermediate\Singe\Win32\Debug\MessageBox.obj"
         "A:\Projekt\Singe\Visual Studio 2013\Intermediate\Singe\Win32\Debug\FileSystem.obj"
         "A:\Projekt\Singe\Visual Studio 2013\Intermediate\Singe\Win32\Debug\Math.obj"
         "A:\Projekt\Singe\Visual Studio 2013\Intermediate\Singe\Win32\Debug\String.obj"
     1>Canvas.obj : warning LNK4221: This object file does not define any previously undefined public symbols, so it will not be used by any link operation that consumes this library
     1>Button.obj : warning LNK4221: This object file does not define any previously undefined public symbols, so it will not be used by any link operation that consumes this library
     1>SingeStd.obj : warning LNK4221: This object file does not define any previously undefined public symbols, so it will not be used by any link operation that consumes this library
     1>Frustum.obj : warning LNK4221: This object file does not define any previously undefined public symbols, so it will not be used by any link operation that consumes this library
         Singe.vcxproj -> A:\Projekt\Singe\Visual Studio 2013\..\Bin\Win32\Debug\Singe.lib
     1>Done Building Project "A:\Projekt\Singe\Visual Studio 2013\Singe.vcxproj" (Build target(s)).

Build succeeded.

Time Elapsed 00:00:00.46
